{"C:\\Rithesh\\Nishasri\\Project 2\\backend\\controllers\\orderController.js": {"path":"C:\\Rithesh\\Nishasri\\Project 2\\backend\\controllers\\orderController.js","statementMap":{"0":{"start":{"line":1,"column":14},"end":{"line":1,"column":40}},"1":{"start":{"line":2,"column":19},"end":{"line":2,"column":50}},"2":{"start":{"line":3,"column":13},"end":{"line":3,"column":38}},"3":{"start":{"line":8,"column":0},"end":{"line":47,"column":2}},"4":{"start":{"line":9,"column":2},"end":{"line":46,"column":3}},"5":{"start":{"line":10,"column":22},"end":{"line":15,"column":5}},"6":{"start":{"line":18,"column":21},"end":{"line":18,"column":97}},"7":{"start":{"line":18,"column":59},"end":{"line":18,"column":93}},"8":{"start":{"line":19,"column":4},"end":{"line":19,"column":34}},"9":{"start":{"line":20,"column":4},"end":{"line":20,"column":119}},"10":{"start":{"line":22,"column":18},"end":{"line":22,"column":38}},"11":{"start":{"line":23,"column":4},"end":{"line":23,"column":23}},"12":{"start":{"line":26,"column":25},"end":{"line":26,"column":59}},"13":{"start":{"line":27,"column":4},"end":{"line":29,"column":7}},"14":{"start":{"line":32,"column":15},"end":{"line":32,"column":32}},"15":{"start":{"line":33,"column":4},"end":{"line":37,"column":7}},"16":{"start":{"line":39,"column":4},"end":{"line":43,"column":7}},"17":{"start":{"line":45,"column":4},"end":{"line":45,"column":67}},"18":{"start":{"line":52,"column":0},"end":{"line":63,"column":2}},"19":{"start":{"line":53,"column":2},"end":{"line":62,"column":3}},"20":{"start":{"line":54,"column":19},"end":{"line":57,"column":16}},"21":{"start":{"line":59,"column":4},"end":{"line":59,"column":62}},"22":{"start":{"line":61,"column":4},"end":{"line":61,"column":67}},"23":{"start":{"line":68,"column":0},"end":{"line":87,"column":2}},"24":{"start":{"line":69,"column":2},"end":{"line":86,"column":3}},"25":{"start":{"line":70,"column":18},"end":{"line":72,"column":50}},"26":{"start":{"line":74,"column":4},"end":{"line":76,"column":5}},"27":{"start":{"line":75,"column":6},"end":{"line":75,"column":80}},"28":{"start":{"line":79,"column":4},"end":{"line":81,"column":5}},"29":{"start":{"line":80,"column":6},"end":{"line":80,"column":79}},"30":{"start":{"line":83,"column":4},"end":{"line":83,"column":39}},"31":{"start":{"line":85,"column":4},"end":{"line":85,"column":67}},"32":{"start":{"line":92,"column":0},"end":{"line":113,"column":2}},"33":{"start":{"line":93,"column":2},"end":{"line":112,"column":3}},"34":{"start":{"line":94,"column":18},"end":{"line":95,"column":70}},"35":{"start":{"line":97,"column":4},"end":{"line":99,"column":5}},"36":{"start":{"line":98,"column":6},"end":{"line":98,"column":80}},"37":{"start":{"line":101,"column":4},"end":{"line":109,"column":7}},"38":{"start":{"line":111,"column":4},"end":{"line":111,"column":67}},"39":{"start":{"line":118,"column":0},"end":{"line":153,"column":2}},"40":{"start":{"line":119,"column":2},"end":{"line":152,"column":3}},"41":{"start":{"line":120,"column":38},"end":{"line":120,"column":46}},"42":{"start":{"line":121,"column":18},"end":{"line":121,"column":70}},"43":{"start":{"line":123,"column":4},"end":{"line":125,"column":5}},"44":{"start":{"line":124,"column":6},"end":{"line":124,"column":80}},"45":{"start":{"line":127,"column":4},"end":{"line":127,"column":26}},"46":{"start":{"line":128,"column":4},"end":{"line":128,"column":67}},"47":{"start":{"line":128,"column":23},"end":{"line":128,"column":67}},"48":{"start":{"line":129,"column":4},"end":{"line":129,"column":70}},"49":{"start":{"line":129,"column":32},"end":{"line":129,"column":70}},"50":{"start":{"line":131,"column":4},"end":{"line":131,"column":23}},"51":{"start":{"line":134,"column":15},"end":{"line":134,"column":32}},"52":{"start":{"line":135,"column":4},"end":{"line":140,"column":7}},"53":{"start":{"line":142,"column":4},"end":{"line":149,"column":7}},"54":{"start":{"line":151,"column":4},"end":{"line":151,"column":67}},"55":{"start":{"line":158,"column":0},"end":{"line":190,"column":2}},"56":{"start":{"line":159,"column":2},"end":{"line":189,"column":3}},"57":{"start":{"line":160,"column":23},"end":{"line":160,"column":31}},"58":{"start":{"line":161,"column":18},"end":{"line":161,"column":91}},"59":{"start":{"line":163,"column":4},"end":{"line":165,"column":5}},"60":{"start":{"line":164,"column":6},"end":{"line":164,"column":80}},"61":{"start":{"line":167,"column":4},"end":{"line":169,"column":5}},"62":{"start":{"line":168,"column":6},"end":{"line":168,"column":104}},"63":{"start":{"line":171,"column":4},"end":{"line":171,"column":31}},"64":{"start":{"line":172,"column":4},"end":{"line":172,"column":61}},"65":{"start":{"line":173,"column":4},"end":{"line":173,"column":23}},"66":{"start":{"line":176,"column":4},"end":{"line":180,"column":5}},"67":{"start":{"line":177,"column":6},"end":{"line":179,"column":9}},"68":{"start":{"line":182,"column":4},"end":{"line":186,"column":7}},"69":{"start":{"line":188,"column":4},"end":{"line":188,"column":67}}},"fnMap":{"0":{"name":"(anonymous_0)","decl":{"start":{"line":8,"column":22},"end":{"line":8,"column":23}},"loc":{"start":{"line":8,"column":42},"end":{"line":47,"column":1}},"line":8},"1":{"name":"(anonymous_1)","decl":{"start":{"line":18,"column":44},"end":{"line":18,"column":45}},"loc":{"start":{"line":18,"column":59},"end":{"line":18,"column":93}},"line":18},"2":{"name":"(anonymous_2)","decl":{"start":{"line":52,"column":22},"end":{"line":52,"column":23}},"loc":{"start":{"line":52,"column":42},"end":{"line":63,"column":1}},"line":52},"3":{"name":"(anonymous_3)","decl":{"start":{"line":68,"column":23},"end":{"line":68,"column":24}},"loc":{"start":{"line":68,"column":43},"end":{"line":87,"column":1}},"line":68},"4":{"name":"(anonymous_4)","decl":{"start":{"line":92,"column":21},"end":{"line":92,"column":22}},"loc":{"start":{"line":92,"column":41},"end":{"line":113,"column":1}},"line":92},"5":{"name":"(anonymous_5)","decl":{"start":{"line":118,"column":28},"end":{"line":118,"column":29}},"loc":{"start":{"line":118,"column":48},"end":{"line":153,"column":1}},"line":118},"6":{"name":"(anonymous_6)","decl":{"start":{"line":158,"column":22},"end":{"line":158,"column":23}},"loc":{"start":{"line":158,"column":42},"end":{"line":190,"column":1}},"line":158}},"branchMap":{"0":{"loc":{"start":{"line":20,"column":40},"end":{"line":20,"column":66}},"type":"binary-expr","locations":[{"start":{"line":20,"column":40},"end":{"line":20,"column":61}},{"start":{"line":20,"column":65},"end":{"line":20,"column":66}}],"line":20},"1":{"loc":{"start":{"line":20,"column":71},"end":{"line":20,"column":89}},"type":"binary-expr","locations":[{"start":{"line":20,"column":71},"end":{"line":20,"column":84}},{"start":{"line":20,"column":88},"end":{"line":20,"column":89}}],"line":20},"2":{"loc":{"start":{"line":20,"column":94},"end":{"line":20,"column":117}},"type":"binary-expr","locations":[{"start":{"line":20,"column":94},"end":{"line":20,"column":112}},{"start":{"line":20,"column":116},"end":{"line":20,"column":117}}],"line":20},"3":{"loc":{"start":{"line":74,"column":4},"end":{"line":76,"column":5}},"type":"if","locations":[{"start":{"line":74,"column":4},"end":{"line":76,"column":5}},{"start":{},"end":{}}],"line":74},"4":{"loc":{"start":{"line":79,"column":4},"end":{"line":81,"column":5}},"type":"if","locations":[{"start":{"line":79,"column":4},"end":{"line":81,"column":5}},{"start":{},"end":{}}],"line":79},"5":{"loc":{"start":{"line":79,"column":8},"end":{"line":79,"column":76}},"type":"binary-expr","locations":[{"start":{"line":79,"column":8},"end":{"line":79,"column":47}},{"start":{"line":79,"column":51},"end":{"line":79,"column":76}}],"line":79},"6":{"loc":{"start":{"line":97,"column":4},"end":{"line":99,"column":5}},"type":"if","locations":[{"start":{"line":97,"column":4},"end":{"line":99,"column":5}},{"start":{},"end":{}}],"line":97},"7":{"loc":{"start":{"line":123,"column":4},"end":{"line":125,"column":5}},"type":"if","locations":[{"start":{"line":123,"column":4},"end":{"line":125,"column":5}},{"start":{},"end":{}}],"line":123},"8":{"loc":{"start":{"line":128,"column":4},"end":{"line":128,"column":67}},"type":"if","locations":[{"start":{"line":128,"column":4},"end":{"line":128,"column":67}},{"start":{},"end":{}}],"line":128},"9":{"loc":{"start":{"line":129,"column":4},"end":{"line":129,"column":70}},"type":"if","locations":[{"start":{"line":129,"column":4},"end":{"line":129,"column":70}},{"start":{},"end":{}}],"line":129},"10":{"loc":{"start":{"line":163,"column":4},"end":{"line":165,"column":5}},"type":"if","locations":[{"start":{"line":163,"column":4},"end":{"line":165,"column":5}},{"start":{},"end":{}}],"line":163},"11":{"loc":{"start":{"line":167,"column":4},"end":{"line":169,"column":5}},"type":"if","locations":[{"start":{"line":167,"column":4},"end":{"line":169,"column":5}},{"start":{},"end":{}}],"line":167},"12":{"loc":{"start":{"line":167,"column":8},"end":{"line":167,"column":66}},"type":"binary-expr","locations":[{"start":{"line":167,"column":8},"end":{"line":167,"column":34}},{"start":{"line":167,"column":38},"end":{"line":167,"column":66}}],"line":167},"13":{"loc":{"start":{"line":172,"column":31},"end":{"line":172,"column":60}},"type":"binary-expr","locations":[{"start":{"line":172,"column":31},"end":{"line":172,"column":37}},{"start":{"line":172,"column":41},"end":{"line":172,"column":60}}],"line":172},"14":{"loc":{"start":{"line":176,"column":4},"end":{"line":180,"column":5}},"type":"if","locations":[{"start":{"line":176,"column":4},"end":{"line":180,"column":5}},{"start":{},"end":{}}],"line":176}},"s":{"0":1,"1":1,"2":1,"3":1,"4":0,"5":0,"6":0,"7":0,"8":0,"9":0,"10":0,"11":0,"12":0,"13":0,"14":0,"15":0,"16":0,"17":0,"18":1,"19":0,"20":0,"21":0,"22":0,"23":1,"24":0,"25":0,"26":0,"27":0,"28":0,"29":0,"30":0,"31":0,"32":1,"33":0,"34":0,"35":0,"36":0,"37":0,"38":0,"39":1,"40":0,"41":0,"42":0,"43":0,"44":0,"45":0,"46":0,"47":0,"48":0,"49":0,"50":0,"51":0,"52":0,"53":0,"54":0,"55":1,"56":0,"57":0,"58":0,"59":0,"60":0,"61":0,"62":0,"63":0,"64":0,"65":0,"66":0,"67":0,"68":0,"69":0},"f":{"0":0,"1":0,"2":0,"3":0,"4":0,"5":0,"6":0},"b":{"0":[0,0],"1":[0,0],"2":[0,0],"3":[0,0],"4":[0,0],"5":[0,0],"6":[0,0],"7":[0,0],"8":[0,0],"9":[0,0],"10":[0,0],"11":[0,0],"12":[0,0],"13":[0,0],"14":[0,0]},"_coverageSchema":"1a1c01bbd47fc00a2c39e90264f33305004495a9","hash":"e3ddb049bdea51ab10b1cd5322836031dffc9019"}
,"C:\\Rithesh\\Nishasri\\Project 2\\backend\\middleware\\auth.js": {"path":"C:\\Rithesh\\Nishasri\\Project 2\\backend\\middleware\\auth.js","statementMap":{"0":{"start":{"line":1,"column":12},"end":{"line":1,"column":35}},"1":{"start":{"line":2,"column":13},"end":{"line":2,"column":38}},"2":{"start":{"line":5,"column":0},"end":{"line":29,"column":2}},"3":{"start":{"line":8,"column":2},"end":{"line":10,"column":3}},"4":{"start":{"line":9,"column":4},"end":{"line":9,"column":52}},"5":{"start":{"line":12,"column":2},"end":{"line":14,"column":3}},"6":{"start":{"line":13,"column":4},"end":{"line":13,"column":98}},"7":{"start":{"line":16,"column":2},"end":{"line":28,"column":3}},"8":{"start":{"line":17,"column":20},"end":{"line":17,"column":61}},"9":{"start":{"line":18,"column":17},"end":{"line":18,"column":48}},"10":{"start":{"line":20,"column":4},"end":{"line":22,"column":5}},"11":{"start":{"line":21,"column":6},"end":{"line":21,"column":79}},"12":{"start":{"line":24,"column":4},"end":{"line":24,"column":20}},"13":{"start":{"line":25,"column":4},"end":{"line":25,"column":11}},"14":{"start":{"line":27,"column":4},"end":{"line":27,"column":98}},"15":{"start":{"line":32,"column":0},"end":{"line":42,"column":2}},"16":{"start":{"line":33,"column":2},"end":{"line":41,"column":4}},"17":{"start":{"line":34,"column":4},"end":{"line":39,"column":5}},"18":{"start":{"line":35,"column":6},"end":{"line":38,"column":9}},"19":{"start":{"line":40,"column":4},"end":{"line":40,"column":11}}},"fnMap":{"0":{"name":"(anonymous_0)","decl":{"start":{"line":5,"column":18},"end":{"line":5,"column":19}},"loc":{"start":{"line":5,"column":44},"end":{"line":29,"column":1}},"line":5},"1":{"name":"(anonymous_1)","decl":{"start":{"line":32,"column":20},"end":{"line":32,"column":21}},"loc":{"start":{"line":32,"column":34},"end":{"line":42,"column":1}},"line":32},"2":{"name":"(anonymous_2)","decl":{"start":{"line":33,"column":9},"end":{"line":33,"column":10}},"loc":{"start":{"line":33,"column":29},"end":{"line":41,"column":3}},"line":33}},"branchMap":{"0":{"loc":{"start":{"line":8,"column":2},"end":{"line":10,"column":3}},"type":"if","locations":[{"start":{"line":8,"column":2},"end":{"line":10,"column":3}},{"start":{},"end":{}}],"line":8},"1":{"loc":{"start":{"line":8,"column":6},"end":{"line":8,"column":81}},"type":"binary-expr","locations":[{"start":{"line":8,"column":6},"end":{"line":8,"column":31}},{"start":{"line":8,"column":35},"end":{"line":8,"column":81}}],"line":8},"2":{"loc":{"start":{"line":12,"column":2},"end":{"line":14,"column":3}},"type":"if","locations":[{"start":{"line":12,"column":2},"end":{"line":14,"column":3}},{"start":{},"end":{}}],"line":12},"3":{"loc":{"start":{"line":20,"column":4},"end":{"line":22,"column":5}},"type":"if","locations":[{"start":{"line":20,"column":4},"end":{"line":22,"column":5}},{"start":{},"end":{}}],"line":20},"4":{"loc":{"start":{"line":34,"column":4},"end":{"line":39,"column":5}},"type":"if","locations":[{"start":{"line":34,"column":4},"end":{"line":39,"column":5}},{"start":{},"end":{}}],"line":34}},"s":{"0":1,"1":1,"2":1,"3":0,"4":0,"5":0,"6":0,"7":0,"8":0,"9":0,"10":0,"11":0,"12":0,"13":0,"14":0,"15":1,"16":1,"17":0,"18":0,"19":0},"f":{"0":0,"1":1,"2":0},"b":{"0":[0,0],"1":[0,0],"2":[0,0],"3":[0,0],"4":[0,0]},"_coverageSchema":"1a1c01bbd47fc00a2c39e90264f33305004495a9","hash":"f09db357a466ec2e1b7ca60b35773129e9f1cc94"}
,"C:\\Rithesh\\Nishasri\\Project 2\\backend\\models\\Order.js": {"path":"C:\\Rithesh\\Nishasri\\Project 2\\backend\\models\\Order.js","statementMap":{"0":{"start":{"line":1,"column":17},"end":{"line":1,"column":36}},"1":{"start":{"line":3,"column":20},"end":{"line":158,"column":2}},"2":{"start":{"line":161,"column":0},"end":{"line":178,"column":3}},"3":{"start":{"line":162,"column":2},"end":{"line":169,"column":3}},"4":{"start":{"line":163,"column":17},"end":{"line":163,"column":27}},"5":{"start":{"line":164,"column":17},"end":{"line":164,"column":35}},"6":{"start":{"line":165,"column":18},"end":{"line":165,"column":62}},"7":{"start":{"line":166,"column":16},"end":{"line":166,"column":55}},"8":{"start":{"line":167,"column":19},"end":{"line":167,"column":80}},"9":{"start":{"line":168,"column":4},"end":{"line":168,"column":55}},"10":{"start":{"line":170,"column":2},"end":{"line":170,"column":30}},"11":{"start":{"line":173,"column":2},"end":{"line":175,"column":3}},"12":{"start":{"line":174,"column":4},"end":{"line":174,"column":65}},"13":{"start":{"line":177,"column":2},"end":{"line":177,"column":9}},"14":{"start":{"line":181,"column":0},"end":{"line":181,"column":48}},"15":{"start":{"line":182,"column":0},"end":{"line":182,"column":50}},"16":{"start":{"line":183,"column":0},"end":{"line":183,"column":34}},"17":{"start":{"line":184,"column":0},"end":{"line":184,"column":47}},"18":{"start":{"line":185,"column":0},"end":{"line":185,"column":62}},"19":{"start":{"line":187,"column":0},"end":{"line":187,"column":54}}},"fnMap":{"0":{"name":"(anonymous_0)","decl":{"start":{"line":161,"column":24},"end":{"line":161,"column":25}},"loc":{"start":{"line":161,"column":45},"end":{"line":178,"column":1}},"line":161}},"branchMap":{"0":{"loc":{"start":{"line":162,"column":2},"end":{"line":169,"column":3}},"type":"if","locations":[{"start":{"line":162,"column":2},"end":{"line":169,"column":3}},{"start":{},"end":{}}],"line":162},"1":{"loc":{"start":{"line":173,"column":2},"end":{"line":175,"column":3}},"type":"if","locations":[{"start":{"line":173,"column":2},"end":{"line":175,"column":3}},{"start":{},"end":{}}],"line":173},"2":{"loc":{"start":{"line":173,"column":6},"end":{"line":173,"column":62}},"type":"binary-expr","locations":[{"start":{"line":173,"column":6},"end":{"line":173,"column":33}},{"start":{"line":173,"column":37},"end":{"line":173,"column":62}}],"line":173}},"s":{"0":1,"1":1,"2":1,"3":0,"4":0,"5":0,"6":0,"7":0,"8":0,"9":0,"10":0,"11":0,"12":0,"13":0,"14":1,"15":1,"16":1,"17":1,"18":1,"19":1},"f":{"0":0},"b":{"0":[0,0],"1":[0,0],"2":[0,0]},"_coverageSchema":"1a1c01bbd47fc00a2c39e90264f33305004495a9","hash":"c464297881712f79438687236744ac46de65c7c1"}
,"C:\\Rithesh\\Nishasri\\Project 2\\backend\\models\\Restaurant.js": {"path":"C:\\Rithesh\\Nishasri\\Project 2\\backend\\models\\Restaurant.js","statementMap":{"0":{"start":{"line":1,"column":17},"end":{"line":1,"column":36}},"1":{"start":{"line":3,"column":23},"end":{"line":43,"column":2}},"2":{"start":{"line":45,"column":20},"end":{"line":67,"column":2}},"3":{"start":{"line":69,"column":25},"end":{"line":198,"column":2}},"4":{"start":{"line":201,"column":0},"end":{"line":204,"column":3}},"5":{"start":{"line":202,"column":2},"end":{"line":202,"column":68}},"6":{"start":{"line":203,"column":2},"end":{"line":203,"column":9}},"7":{"start":{"line":207,"column":0},"end":{"line":207,"column":79}},"8":{"start":{"line":208,"column":0},"end":{"line":208,"column":49}},"9":{"start":{"line":209,"column":0},"end":{"line":209,"column":39}},"10":{"start":{"line":210,"column":0},"end":{"line":210,"column":43}},"11":{"start":{"line":212,"column":0},"end":{"line":212,"column":64}}},"fnMap":{"0":{"name":"(anonymous_0)","decl":{"start":{"line":201,"column":29},"end":{"line":201,"column":30}},"loc":{"start":{"line":201,"column":44},"end":{"line":204,"column":1}},"line":201}},"branchMap":{},"s":{"0":1,"1":1,"2":1,"3":1,"4":1,"5":0,"6":0,"7":1,"8":1,"9":1,"10":1,"11":1},"f":{"0":0},"b":{},"_coverageSchema":"1a1c01bbd47fc00a2c39e90264f33305004495a9","hash":"2f463f0771886484a769ad93ce2f79b2d39a806b"}
,"C:\\Rithesh\\Nishasri\\Project 2\\backend\\models\\User.js": {"path":"C:\\Rithesh\\Nishasri\\Project 2\\backend\\models\\User.js","statementMap":{"0":{"start":{"line":1,"column":17},"end":{"line":1,"column":36}},"1":{"start":{"line":2,"column":15},"end":{"line":2,"column":34}},"2":{"start":{"line":4,"column":19},"end":{"line":68,"column":2}},"3":{"start":{"line":71,"column":0},"end":{"line":77,"column":3}},"4":{"start":{"line":72,"column":2},"end":{"line":74,"column":3}},"5":{"start":{"line":73,"column":4},"end":{"line":73,"column":11}},"6":{"start":{"line":75,"column":15},"end":{"line":75,"column":39}},"7":{"start":{"line":76,"column":2},"end":{"line":76,"column":57}},"8":{"start":{"line":80,"column":0},"end":{"line":84,"column":2}},"9":{"start":{"line":81,"column":2},"end":{"line":83,"column":5}},"10":{"start":{"line":87,"column":0},"end":{"line":89,"column":2}},"11":{"start":{"line":88,"column":2},"end":{"line":88,"column":62}},"12":{"start":{"line":92,"column":0},"end":{"line":92,"column":53}},"13":{"start":{"line":94,"column":0},"end":{"line":94,"column":52}}},"fnMap":{"0":{"name":"(anonymous_0)","decl":{"start":{"line":71,"column":23},"end":{"line":71,"column":24}},"loc":{"start":{"line":71,"column":44},"end":{"line":77,"column":1}},"line":71},"1":{"name":"(anonymous_1)","decl":{"start":{"line":80,"column":39},"end":{"line":80,"column":40}},"loc":{"start":{"line":80,"column":50},"end":{"line":84,"column":1}},"line":80},"2":{"name":"(anonymous_2)","decl":{"start":{"line":87,"column":35},"end":{"line":87,"column":36}},"loc":{"start":{"line":87,"column":67},"end":{"line":89,"column":1}},"line":87}},"branchMap":{"0":{"loc":{"start":{"line":72,"column":2},"end":{"line":74,"column":3}},"type":"if","locations":[{"start":{"line":72,"column":2},"end":{"line":74,"column":3}},{"start":{},"end":{}}],"line":72}},"s":{"0":1,"1":1,"2":1,"3":1,"4":1,"5":0,"6":1,"7":1,"8":1,"9":0,"10":1,"11":0,"12":1,"13":1},"f":{"0":1,"1":0,"2":0},"b":{"0":[0,1]},"_coverageSchema":"1a1c01bbd47fc00a2c39e90264f33305004495a9","hash":"83525a58789e20cf9101b24009b90533ab5c825c"}
,"C:\\Rithesh\\Nishasri\\Project 2\\backend\\routes\\orders.js": {"path":"C:\\Rithesh\\Nishasri\\Project 2\\backend\\routes\\orders.js","statementMap":{"0":{"start":{"line":1,"column":16},"end":{"line":1,"column":34}},"1":{"start":{"line":2,"column":15},"end":{"line":2,"column":31}},"2":{"start":{"line":10,"column":4},"end":{"line":10,"column":45}},"3":{"start":{"line":11,"column":31},"end":{"line":11,"column":60}},"4":{"start":{"line":13,"column":0},"end":{"line":13,"column":45}},"5":{"start":{"line":14,"column":0},"end":{"line":14,"column":47}},"6":{"start":{"line":15,"column":0},"end":{"line":15,"column":51}},"7":{"start":{"line":16,"column":0},"end":{"line":16,"column":47}},"8":{"start":{"line":17,"column":0},"end":{"line":17,"column":119}},"9":{"start":{"line":18,"column":0},"end":{"line":18,"column":53}},"10":{"start":{"line":20,"column":0},"end":{"line":20,"column":24}}},"fnMap":{},"branchMap":{},"s":{"0":1,"1":1,"2":1,"3":1,"4":1,"5":1,"6":1,"7":1,"8":1,"9":1,"10":1},"f":{},"b":{},"_coverageSchema":"1a1c01bbd47fc00a2c39e90264f33305004495a9","hash":"c4d5361af0cda1ba6550a89305ce5aa0bc379cbb"}
}
